# JRE version: Java(TM) SE Runtime Environment (8.0_144-b01) (build 1.8.0_144-b01)
# Java VM: Java HotSpot(TM) 64-Bit Server VM (25.144-b01 mixed mode linux-amd64 compressed oops)
Heap:
 def new generation   total 39424K, used 11801K [0x00000000e0000000, 0x00000000e2ac0000, 0x00000000eaaa0000)
  eden space 35072K,  33% used [0x00000000e0000000, 0x00000000e0b865b8, 0x00000000e2240000)
  from space 4352K,   0% used [0x00000000e2240000, 0x00000000e2240000, 0x00000000e2680000)
  to   space 4352K,   0% used [0x00000000e2680000, 0x00000000e2680000, 0x00000000e2ac0000)
 tenured generation   total 87424K, used 36030K [0x00000000eaaa0000, 0x00000000f0000000, 0x0000000100000000)
   the space 87424K,  41% used [0x00000000eaaa0000, 0x00000000ecdcf900, 0x00000000ecdcfa00, 0x00000000f0000000)
 Metaspace       used 55484K, capacity 61424K, committed 61568K, reserved 1101824K
  class space    used 7607K, capacity 9326K, committed 9344K, reserved 1048576K
GC Heap History (10 events):
Event: 18.581 GC heap before
{Heap before GC invocations=7 (full 2):
 def new generation   total 39424K, used 39423K [0x00000000e0000000, 0x00000000e2ac0000, 0x00000000eaaa0000)
  eden space 35072K, 100% used [0x00000000e0000000, 0x00000000e2240000, 0x00000000e2240000)
  from space 4352K,  99% used [0x00000000e2240000, 0x00000000e267fff8, 0x00000000e2680000)
  to   space 4352K,   0% used [0x00000000e2680000, 0x00000000e2680000, 0x00000000e2ac0000)
 tenured generation   total 87424K, used 44521K [0x00000000eaaa0000, 0x00000000f0000000, 0x0000000100000000)
   the space 87424K,  50% used [0x00000000eaaa0000, 0x00000000ed61a520, 0x00000000ed61a600, 0x00000000f0000000)
 Metaspace       used 49787K, capacity 55106K, committed 55296K, reserved 1095680K
  class space    used 6925K, capacity 8370K, committed 8448K, reserved 1048576K
Event: 18.602 GC heap after
Heap after GC invocations=8 (full 2):
 def new generation   total 39424K, used 4351K [0x00000000e0000000, 0x00000000e2ac0000, 0x00000000eaaa0000)
  eden space 35072K,   0% used [0x00000000e0000000, 0x00000000e0000000, 0x00000000e2240000)
  from space 4352K,  99% used [0x00000000e2680000, 0x00000000e2abfff8, 0x00000000e2ac0000)
  to   space 4352K,   0% used [0x00000000e2240000, 0x00000000e2240000, 0x00000000e2680000)
 tenured generation   total 87424K, used 50812K [0x00000000eaaa0000, 0x00000000f0000000, 0x0000000100000000)
   the space 87424K,  58% used [0x00000000eaaa0000, 0x00000000edc3f298, 0x00000000edc3f400, 0x00000000f0000000)
 Metaspace       used 49787K, capacity 55106K, committed 55296K, reserved 1095680K
  class space    used 6925K, capacity 8370K, committed 8448K, reserved 1048576K
}
Event: 19.101 GC heap before
{Heap before GC invocations=8 (full 2):
 def new generation   total 39424K, used 39423K [0x00000000e0000000, 0x00000000e2ac0000, 0x00000000eaaa0000)
  eden space 35072K, 100% used [0x00000000e0000000, 0x00000000e2240000, 0x00000000e2240000)
  from space 4352K,  99% used [0x00000000e2680000, 0x00000000e2abfff8, 0x00000000e2ac0000)
  to   space 4352K,   0% used [0x00000000e2240000, 0x00000000e2240000, 0x00000000e2680000)
 tenured generation   total 87424K, used 50812K [0x00000000eaaa0000, 0x00000000f0000000, 0x0000000100000000)
   the space 87424K,  58% used [0x00000000eaaa0000, 0x00000000edc3f298, 0x00000000edc3f400, 0x00000000f0000000)
 Metaspace       used 50588K, capacity 55838K, committed 56064K, reserved 1097728K
  class space    used 6992K, capacity 8376K, committed 8448K, reserved 1048576K
Event: 19.121 GC heap after
Heap after GC invocations=9 (full 2):
 def new generation   total 39424K, used 1519K [0x00000000e0000000, 0x00000000e2ac0000, 0x00000000eaaa0000)
  eden space 35072K,   0% used [0x00000000e0000000, 0x00000000e0000000, 0x00000000e2240000)
  from space 4352K,  34% used [0x00000000e2240000, 0x00000000e23bbf00, 0x00000000e2680000)
  to   space 4352K,   0% used [0x00000000e2680000, 0x00000000e2680000, 0x00000000e2ac0000)
 tenured generation   total 87424K, used 53135K [0x00000000eaaa0000, 0x00000000f0000000, 0x0000000100000000)
   the space 87424K,  60% used [0x00000000eaaa0000, 0x00000000ede83d58, 0x00000000ede83e00, 0x00000000f0000000)
 Metaspace       used 50588K, capacity 55838K, committed 56064K, reserved 1097728K
  class space    used 6992K, capacity 8376K, committed 8448K, reserved 1048576K
}
Event: 19.666 GC heap before
{Heap before GC invocations=9 (full 2):
 def new generation   total 39424K, used 36591K [0x00000000e0000000, 0x00000000e2ac0000, 0x00000000eaaa0000)
  eden space 35072K, 100% used [0x00000000e0000000, 0x00000000e2240000, 0x00000000e2240000)
  from space 4352K,  34% used [0x00000000e2240000, 0x00000000e23bbf00, 0x00000000e2680000)
  to   space 4352K,   0% used [0x00000000e2680000, 0x00000000e2680000, 0x00000000e2ac0000)
 tenured generation   total 87424K, used 53135K [0x00000000eaaa0000, 0x00000000f0000000, 0x0000000100000000)
   the space 87424K,  60% used [0x00000000eaaa0000, 0x00000000ede83d58, 0x00000000ede83e00, 0x00000000f0000000)
 Metaspace       used 51288K, capacity 56554K, committed 56832K, reserved 1097728K
  class space    used 7065K, capacity 8442K, committed 8448K, reserved 1048576K
Event: 19.674 GC heap after
Heap after GC invocations=10 (full 2):
 def new generation   total 39424K, used 3551K [0x00000000e0000000, 0x00000000e2ac0000, 0x00000000eaaa0000)
  eden space 35072K,   0% used [0x00000000e0000000, 0x00000000e0000000, 0x00000000e2240000)
  from space 4352K,  81% used [0x00000000e2680000, 0x00000000e29f7e10, 0x00000000e2ac0000)
  to   space 4352K,   0% used [0x00000000e2240000, 0x00000000e2240000, 0x00000000e2680000)
 tenured generation   total 87424K, used 53135K [0x00000000eaaa0000, 0x00000000f0000000, 0x0000000100000000)
   the space 87424K,  60% used [0x00000000eaaa0000, 0x00000000ede83d58, 0x00000000ede83e00, 0x00000000f0000000)
 Metaspace       used 51288K, capacity 56554K, committed 56832K, reserved 1097728K
  class space    used 7065K, capacity 8442K, committed 8448K, reserved 1048576K
}
Event: 21.995 GC heap before
{Heap before GC invocations=10 (full 2):
 def new generation   total 39424K, used 38597K [0x00000000e0000000, 0x00000000e2ac0000, 0x00000000eaaa0000)
  eden space 35072K,  99% used [0x00000000e0000000, 0x00000000e2239908, 0x00000000e2240000)
  from space 4352K,  81% used [0x00000000e2680000, 0x00000000e29f7e10, 0x00000000e2ac0000)
  to   space 4352K,   0% used [0x00000000e2240000, 0x00000000e2240000, 0x00000000e2680000)
 tenured generation   total 87424K, used 53135K [0x00000000eaaa0000, 0x00000000f0000000, 0x0000000100000000)
   the space 87424K,  60% used [0x00000000eaaa0000, 0x00000000ede83d58, 0x00000000ede83e00, 0x00000000f0000000)
 Metaspace       used 52505K, capacity 57700K, committed 57856K, reserved 1097728K
  class space    used 7193K, capacity 8615K, committed 8704K, reserved 1048576K
Event: 22.034 GC heap after
Heap after GC invocations=11 (full 2):
 def new generation   total 39424K, used 1568K [0x00000000e0000000, 0x00000000e2ac0000, 0x00000000eaaa0000)
  eden space 35072K,   0% used [0x00000000e0000000, 0x00000000e0000000, 0x00000000e2240000)
  from space 4352K,  36% used [0x00000000e2240000, 0x00000000e23c8148, 0x00000000e2680000)
  to   space 4352K,   0% used [0x00000000e2680000, 0x00000000e2680000, 0x00000000e2ac0000)
 tenured generation   total 87424K, used 54508K [0x00000000eaaa0000, 0x00000000f0000000, 0x0000000100000000)
   the space 87424K,  62% used [0x00000000eaaa0000, 0x00000000edfdb258, 0x00000000edfdb400, 0x00000000f0000000)
 Metaspace       used 52505K, capacity 57700K, committed 57856K, reserved 1097728K
  class space    used 7193K, capacity 8615K, committed 8704K, reserved 1048576K
}
Event: 22.935 GC heap before
{Heap before GC invocations=11 (full 2):
 def new generation   total 39424K, used 16372K [0x00000000e0000000, 0x00000000e2ac0000, 0x00000000eaaa0000)
  eden space 35072K,  42% used [0x00000000e0000000, 0x00000000e0e75210, 0x00000000e2240000)
  from space 4352K,  36% used [0x00000000e2240000, 0x00000000e23c8148, 0x00000000e2680000)
  to   space 4352K,   0% used [0x00000000e2680000, 0x00000000e2680000, 0x00000000e2ac0000)
 tenured generation   total 87424K, used 54508K [0x00000000eaaa0000, 0x00000000f0000000, 0x0000000100000000)
   the space 87424K,  62% used [0x00000000eaaa0000, 0x00000000edfdb258, 0x00000000edfdb400, 0x00000000f0000000)
 Metaspace       used 53488K, capacity 59014K, committed 59136K, reserved 1099776K
  class space    used 7335K, capacity 8929K, committed 8960K, reserved 1048576K
Event: 23.087 GC heap after
Heap after GC invocations=12 (full 3):
 def new generation   total 39424K, used 0K [0x00000000e0000000, 0x00000000e2ac0000, 0x00000000eaaa0000)
  eden space 35072K,   0% used [0x00000000e0000000, 0x00000000e0000000, 0x00000000e2240000)
  from space 4352K,   0% used [0x00000000e2240000, 0x00000000e2240000, 0x00000000e2680000)
  to   space 4352K,   0% used [0x00000000e2680000, 0x00000000e2680000, 0x00000000e2ac0000)
 tenured generation   total 87424K, used 36030K [0x00000000eaaa0000, 0x00000000f0000000, 0x0000000100000000)
   the space 87424K,  41% used [0x00000000eaaa0000, 0x00000000ecdcf900, 0x00000000ecdcfa00, 0x00000000f0000000)
 Metaspace       used 53488K, capacity 59014K, committed 59136K, reserved 1099776K
  class space    used 7335K, capacity 8929K, committed 8960K, reserved 1048576K
}

